10:30:12.536 [ INFO] maestro.cli.report.TestDebugReporter.logSystemInfo: Debug output path: ~/.maestro/tests/2025-10-05_103012
10:30:12.538 [ INFO] MAESTRO.logSystemInfo: ---- System Info ----
10:30:12.538 [ INFO] MAESTRO.logSystemInfo: Maestro Version: 2.0.3
10:30:12.539 [ INFO] MAESTRO.logSystemInfo: CI: Undefined
10:30:12.539 [ INFO] MAESTRO.logSystemInfo: OS Name: Linux
10:30:12.539 [ INFO] MAESTRO.logSystemInfo: OS Version: 6.13.4-061304-generic
10:30:12.539 [ INFO] MAESTRO.logSystemInfo: Architecture: amd64
10:30:12.540 [ INFO] MAESTRO.logSystemInfo: Java Version: 0
10:30:12.542 [ INFO] MAESTRO.logSystemInfo: Xcode Version: null
10:30:12.544 [ INFO] MAESTRO.logSystemInfo: Flutter Version: Undefined
10:30:12.546 [ INFO] MAESTRO.logSystemInfo: Flutter Channel: Undefined
10:30:12.546 [ INFO] MAESTRO.logSystemInfo: ---------------------
10:30:12.911 [DEBUG] io.micrometer.common.util.internal.logging.InternalLoggerFactory.newDefaultFactory: Using SLF4J as the default logging framework
10:30:12.999 [ INFO] maestro.cli.command.TestCommand.runShardSuite: [shard 1] Selected device 0f66fc13d86413d3 using port 7001 with execution plan ExecutionPlan(flowsToRun=[./Off-Grid.yaml], sequence=FlowSequence(flows=[], continueOnFailure=true), workspaceConfig=WorkspaceConfig(flows=null, includeTags=null, excludeTags=null, local=null, executionOrder=null, baselineBranch=null, notifications=null, disableRetries=false, platform=PlatformConfiguration(android=AndroidConfiguration(disableAnimations=false), ios=IOSConfiguration(disableAnimations=false, snapshotKeyHonorModalViews=null)), testOutputDir=null))
10:30:23.836 [ INFO] maestro.cli.runner.TestRunner.runSingle$lambda$0: Running flow Off-Grid.yaml...
10:30:23.856 [ INFO] maestro.Maestro.cachedDeviceInfo_delegate$lambda$0: Getting device info
10:30:24.285 [ INFO] maestro.Maestro.cachedDeviceInfo_delegate$lambda$0: Got device info: DeviceInfo(platform=ANDROID, widthPixels=1536, heightPixels=2048, widthGrid=1536, heightGrid=2048)
10:30:24.331 [ INFO] maestro.cli.runner.MaestroCommandRunner.runCommands$lambda$0: Define variables RUNNING
10:30:24.334 [ INFO] maestro.cli.runner.MaestroCommandRunner.runCommands$lambda$11: Define variables metadata CommandMetadata(numberOfRuns=null, evaluatedCommand=MaestroCommand(defineVariablesCommand=DefineVariablesCommand(env={MAESTRO_APP_ID=com.Franklinwh.FamilyEnergy, MAESTRO_FILENAME=Off-Grid}, label=null, optional=false)), logMessages=[], insight=Insight(message=, level=NONE), aiReasoning=null, labeledCommand=null)
10:30:24.335 [ INFO] maestro.cli.runner.MaestroCommandRunner.runCommands$lambda$2: Define variables COMPLETED
10:30:24.336 [ INFO] maestro.cli.runner.MaestroCommandRunner.runCommands$lambda$0: Define variables RUNNING
10:30:24.336 [ INFO] maestro.cli.runner.MaestroCommandRunner.runCommands$lambda$11: Define variables metadata CommandMetadata(numberOfRuns=null, evaluatedCommand=MaestroCommand(defineVariablesCommand=DefineVariablesCommand(env={MAESTRO_APP_ID=com.Franklinwh.FamilyEnergy}, label=null, optional=false)), logMessages=[], insight=Insight(message=, level=NONE), aiReasoning=null, labeledCommand=null)
10:30:24.337 [ INFO] maestro.cli.runner.MaestroCommandRunner.runCommands$lambda$2: Define variables COMPLETED
10:30:24.337 [ INFO] maestro.cli.runner.MaestroCommandRunner.runCommands$lambda$0: Apply configuration RUNNING
10:30:24.814 [ INFO] maestro.cli.runner.MaestroCommandRunner.runCommands$lambda$11: Apply configuration metadata CommandMetadata(numberOfRuns=null, evaluatedCommand=MaestroCommand(applyConfigurationCommand=ApplyConfigurationCommand(config=MaestroConfig(appId=com.Franklinwh.FamilyEnergy, name=null, tags=[android], ext={}, onFlowStart=null, onFlowComplete=null), label=null, optional=false)), logMessages=[], insight=Insight(message=, level=NONE), aiReasoning=null, labeledCommand=null)
10:30:24.815 [ INFO] maestro.cli.runner.MaestroCommandRunner.runCommands$lambda$2: Apply configuration COMPLETED
10:30:24.816 [ INFO] maestro.cli.runner.MaestroCommandRunner.runCommands$lambda$0: Launch app "${MAESTRO_APP_ID}" RUNNING
10:30:24.832 [ INFO] maestro.cli.runner.MaestroCommandRunner.runCommands$lambda$11: Launch app "${MAESTRO_APP_ID}" metadata CommandMetadata(numberOfRuns=null, evaluatedCommand=MaestroCommand(launchAppCommand=LaunchAppCommand(appId=com.Franklinwh.FamilyEnergy, clearState=null, clearKeychain=null, stopApp=null, permissions=null, launchArguments=null, label=null, optional=false)), logMessages=[], insight=Insight(message=, level=NONE), aiReasoning=null, labeledCommand=null)
10:30:30.559 [ INFO] maestro.Maestro.launchApp: Launching app com.Franklinwh.FamilyEnergy
10:30:30.559 [ INFO] maestro.Maestro.launchApp: Stopping com.Franklinwh.FamilyEnergy app during launch
10:30:30.936 [ INFO] maestro.cli.runner.MaestroCommandRunner.runCommands$lambda$2: Launch app "${MAESTRO_APP_ID}" COMPLETED
10:30:30.937 [ INFO] maestro.cli.runner.MaestroCommandRunner.runCommands$lambda$0: Run flows/Off-Grid.yaml RUNNING
10:30:30.952 [ INFO] maestro.cli.runner.MaestroCommandRunner.runCommands$lambda$11: Run flows/Off-Grid.yaml metadata CommandMetadata(numberOfRuns=null, evaluatedCommand=MaestroCommand(runFlowCommand=RunFlowCommand(commands=[MaestroCommand(applyConfigurationCommand=ApplyConfigurationCommand(config=MaestroConfig(appId=${MAESTRO_APP_ID}, name=null, tags=[], ext={}, onFlowStart=null, onFlowComplete=null), label=null, optional=false)), MaestroCommand(tapOnElementCommand=TapOnElementCommand(selector=ElementSelector(textRegex=Settings, Tab 3 of 4, idRegex=null, size=null, below=null, above=null, leftOf=null, rightOf=null, containsChild=null, containsDescendants=null, traits=null, index=null, enabled=null, optional=false, selected=null, checked=null, focused=null, childOf=null, css=null), retryIfNoChange=false, waitUntilVisible=false, longPress=false, repeat=null, waitToSettleTimeoutMs=null, label=null, optional=false)), MaestroCommand(tapOnElementCommand=TapOnElementCommand(selector=ElementSelector(textRegex=Go Off-Grid, idRegex=null, size=null, below=null, above=null, leftOf=null, rightOf=null, containsChild=null, containsDescendants=null, traits=null, index=null, enabled=null, optional=false, selected=null, checked=null, focused=null, childOf=null, css=null), retryIfNoChange=false, waitUntilVisible=false, longPress=false, repeat=null, waitToSettleTimeoutMs=null, label=null, optional=false)), MaestroCommand(tapOnElementCommand=TapOnElementCommand(selector=ElementSelector(textRegex=Go Off-Grid, idRegex=null, size=null, below=null, above=null, leftOf=null, rightOf=null, containsChild=null, containsDescendants=null, traits=null, index=null, enabled=null, optional=false, selected=null, checked=null, focused=null, childOf=null, css=null), retryIfNoChange=false, waitUntilVisible=false, longPress=false, repeat=null, waitToSettleTimeoutMs=null, label=null, optional=false)), MaestroCommand(tapOnElementCommand=TapOnElementCommand(selector=ElementSelector(textRegex=Confirm, idRegex=null, size=null, below=null, above=null, leftOf=null, rightOf=null, containsChild=null, containsDescendants=null, traits=null, index=null, enabled=null, optional=false, selected=null, checked=null, focused=null, childOf=null, css=null), retryIfNoChange=false, waitUntilVisible=false, longPress=false, repeat=null, waitToSettleTimeoutMs=null, label=null, optional=false)), MaestroCommand(assertConditionCommand=AssertConditionCommand(condition=Condition(platform=null, visible=ElementSelector(textRegex=Reconnect to Grid, idRegex=null, size=null, below=null, above=null, leftOf=null, rightOf=null, containsChild=null, containsDescendants=null, traits=null, index=null, enabled=null, optional=false, selected=null, checked=null, focused=null, childOf=null, css=null), notVisible=null, scriptCondition=null, label=null), timeout=null, label=null, optional=false)), MaestroCommand(pressKeyCommand=PressKeyCommand(code=BACK, label=null, optional=false)), MaestroCommand(tapOnElementCommand=TapOnElementCommand(selector=ElementSelector(textRegex=Home, Tab 1 of 4, idRegex=null, size=null, below=null, above=null, leftOf=null, rightOf=null, containsChild=null, containsDescendants=null, traits=null, index=null, enabled=null, optional=false, selected=null, checked=null, focused=null, childOf=null, css=null), retryIfNoChange=false, waitUntilVisible=false, longPress=false, repeat=null, waitToSettleTimeoutMs=5000, label=null, optional=false)), MaestroCommand(tapOnPointV2Command=TapOnPointV2Command(point=83%,71%, retryIfNoChange=false, longPress=false, repeat=null, waitToSettleTimeoutMs=null, label=null, optional=false)), MaestroCommand(tapOnPointV2Command=TapOnPointV2Command(point=83%,71%, retryIfNoChange=false, longPress=false, repeat=null, waitToSettleTimeoutMs=null, label=null, optional=false)), MaestroCommand(assertConditionCommand=AssertConditionCommand(condition=Condition(platform=null, visible=ElementSelector(textRegex=Charging, idRegex=null, size=null, below=null, above=null, leftOf=null, rightOf=null, containsChild=null, containsDescendants=null, traits=null, index=null, enabled=null, optional=false, selected=null, checked=null, focused=null, childOf=null, css=null), notVisible=null, scriptCondition=null, label=null), timeout=600000, label=null, optional=false)), MaestroCommand(tapOnElementCommand=TapOnElementCommand(selector=ElementSelector(textRegex=Settings, Tab 3 of 4, idRegex=null, size=null, below=null, above=null, leftOf=null, rightOf=null, containsChild=null, containsDescendants=null, traits=null, index=null, enabled=null, optional=false, selected=null, checked=null, focused=null, childOf=null, css=null), retryIfNoChange=false, waitUntilVisible=false, longPress=false, repeat=null, waitToSettleTimeoutMs=null, label=null, optional=false)), MaestroCommand(tapOnElementCommand=TapOnElementCommand(selector=ElementSelector(textRegex=Go Off-Grid, idRegex=null, size=null, below=null, above=null, leftOf=null, rightOf=null, containsChild=null, containsDescendants=null, traits=null, index=null, enabled=null, optional=false, selected=null, checked=null, focused=null, childOf=null, css=null), retryIfNoChange=false, waitUntilVisible=false, longPress=false, repeat=null, waitToSettleTimeoutMs=null, label=null, optional=false)), MaestroCommand(tapOnElementCommand=TapOnElementCommand(selector=ElementSelector(textRegex=Reconnect to Grid, idRegex=null, size=null, below=null, above=null, leftOf=null, rightOf=null, containsChild=null, containsDescendants=null, traits=null, index=null, enabled=null, optional=false, selected=null, checked=null, focused=null, childOf=null, css=null), retryIfNoChange=false, waitUntilVisible=false, longPress=false, repeat=null, waitToSettleTimeoutMs=null, label=null, optional=false)), MaestroCommand(tapOnElementCommand=TapOnElementCommand(selector=ElementSelector(textRegex=Confirm, idRegex=null, size=null, below=null, above=null, leftOf=null, rightOf=null, containsChild=null, containsDescendants=null, traits=null, index=null, enabled=null, optional=false, selected=null, checked=null, focused=null, childOf=null, css=null), retryIfNoChange=false, waitUntilVisible=false, longPress=false, repeat=null, waitToSettleTimeoutMs=null, label=null, optional=false)), MaestroCommand(assertConditionCommand=AssertConditionCommand(condition=Condition(platform=null, visible=ElementSelector(textRegex=Go Off-Grid, idRegex=null, size=null, below=null, above=null, leftOf=null, rightOf=null, containsChild=null, containsDescendants=null, traits=null, index=null, enabled=null, optional=false, selected=null, checked=null, focused=null, childOf=null, css=null), notVisible=null, scriptCondition=null, label=null), timeout=null, label=null, optional=false)), MaestroCommand(pressKeyCommand=PressKeyCommand(code=BACK, label=null, optional=false)), MaestroCommand(tapOnElementCommand=TapOnElementCommand(selector=ElementSelector(textRegex=Home, Tab 1 of 4, idRegex=null, size=null, below=null, above=null, leftOf=null, rightOf=null, containsChild=null, containsDescendants=null, traits=null, index=null, enabled=null, optional=false, selected=null, checked=null, focused=null, childOf=null, css=null), retryIfNoChange=false, waitUntilVisible=false, longPress=false, repeat=null, waitToSettleTimeoutMs=5000, label=null, optional=false)), MaestroCommand(assertConditionCommand=AssertConditionCommand(condition=Condition(platform=null, visible=ElementSelector(textRegex=Charging, idRegex=null, size=null, below=null, above=null, leftOf=null, rightOf=null, containsChild=null, containsDescendants=null, traits=null, index=null, enabled=null, optional=false, selected=null, checked=null, focused=null, childOf=null, css=null), notVisible=null, scriptCondition=null, label=null), timeout=600000, label=null, optional=false))], condition=null, sourceDescription=flows/Off-Grid.yaml, config=MaestroConfig(appId=com.Franklinwh.FamilyEnergy, name=null, tags=[], ext={}, onFlowStart=null, onFlowComplete=null), label=null, optional=false)), logMessages=[], insight=Insight(message=, level=NONE), aiReasoning=null, labeledCommand=null)
10:30:30.953 [ INFO] maestro.cli.runner.MaestroCommandRunner.runCommands$lambda$0: Apply configuration RUNNING
10:30:30.970 [ INFO] maestro.cli.runner.MaestroCommandRunner.runCommands$lambda$11: Apply configuration metadata CommandMetadata(numberOfRuns=null, evaluatedCommand=MaestroCommand(applyConfigurationCommand=ApplyConfigurationCommand(config=MaestroConfig(appId=com.Franklinwh.FamilyEnergy, name=null, tags=[], ext={}, onFlowStart=null, onFlowComplete=null), label=null, optional=false)), logMessages=[], insight=Insight(message=, level=NONE), aiReasoning=null, labeledCommand=null)
10:30:30.971 [ INFO] maestro.cli.runner.MaestroCommandRunner.runCommands$lambda$2: Apply configuration COMPLETED
10:30:30.971 [ INFO] maestro.cli.runner.MaestroCommandRunner.runCommands$lambda$0: Tap on "Settings, Tab 3 of 4" RUNNING
10:30:30.972 [ INFO] maestro.cli.runner.MaestroCommandRunner.runCommands$lambda$11: Tap on "Settings, Tab 3 of 4" metadata CommandMetadata(numberOfRuns=null, evaluatedCommand=MaestroCommand(tapOnElementCommand=TapOnElementCommand(selector=ElementSelector(textRegex=Settings, Tab 3 of 4, idRegex=null, size=null, below=null, above=null, leftOf=null, rightOf=null, containsChild=null, containsDescendants=null, traits=null, index=null, enabled=null, optional=false, selected=null, checked=null, focused=null, childOf=null, css=null), retryIfNoChange=false, waitUntilVisible=false, longPress=false, repeat=null, waitToSettleTimeoutMs=null, label=null, optional=false)), logMessages=[], insight=Insight(message=, level=NONE), aiReasoning=null, labeledCommand=null)
10:30:35.477 [ INFO] maestro.Maestro.tap-BUbHBYE: Tapping on element:  UiElement(treeNode=TreeNode(attributes={text=, accessibilityText=Settings, Tab 3 of 4, hintText=, ignoreBoundsFiltering=false, resource-id=, clickable=true, bounds=[768,1940][1056,2048], enabled=true, focused=false, checked=false, scrollable=false, selected=false, class=android.view.View}, children=[], clickable=true, enabled=true, focused=false, checked=false, selected=false), bounds=Bounds(x=768, y=1940, width=288, height=108))
10:30:37.654 [ INFO] maestro.Maestro.tap-BUbHBYE: Refreshed element
10:30:37.655 [ INFO] maestro.Maestro.hierarchyBasedTap-hbl3e4M: Tapping at (912, 1994) using hierarchy based logic for wait
10:30:37.655 [TRACE] maestro.utils.ScreenshotUtils.takeScreenshot: Taking screenshot to byte array
10:30:37.655 [TRACE] maestro.utils.ScreenshotUtils.takeScreenshot: Taking screenshot to output sink
10:30:42.247 [ INFO] maestro.Maestro.hierarchyBasedTap-hbl3e4M: Something have changed in the UI judging by view hierarchy. Proceed.
10:30:42.248 [ INFO] maestro.cli.runner.MaestroCommandRunner.runCommands$lambda$2: Tap on "Settings, Tab 3 of 4" COMPLETED
10:30:42.248 [ INFO] maestro.cli.runner.MaestroCommandRunner.runCommands$lambda$0: Tap on "Go Off-Grid" RUNNING
10:30:42.249 [ INFO] maestro.cli.runner.MaestroCommandRunner.runCommands$lambda$11: Tap on "Go Off-Grid" metadata CommandMetadata(numberOfRuns=null, evaluatedCommand=MaestroCommand(tapOnElementCommand=TapOnElementCommand(selector=ElementSelector(textRegex=Go Off-Grid, idRegex=null, size=null, below=null, above=null, leftOf=null, rightOf=null, containsChild=null, containsDescendants=null, traits=null, index=null, enabled=null, optional=false, selected=null, checked=null, focused=null, childOf=null, css=null), retryIfNoChange=false, waitUntilVisible=false, longPress=false, repeat=null, waitToSettleTimeoutMs=null, label=null, optional=false)), logMessages=[], insight=Insight(message=, level=NONE), aiReasoning=null, labeledCommand=null)
10:30:42.907 [ INFO] maestro.Maestro.tap-BUbHBYE: Tapping on element:  UiElement(treeNode=TreeNode(attributes={text=, accessibilityText=Go Off-Grid, hintText=, ignoreBoundsFiltering=false, resource-id=, clickable=true, bounds=[248,428][1296,520], enabled=true, focused=false, checked=false, scrollable=false, selected=false, class=android.view.View}, children=[TreeNode(attributes={text=, accessibilityText=, hintText=, ignoreBoundsFiltering=false, resource-id=, clickable=false, bounds=[248,450][296,498], enabled=true, focused=false, checked=false, scrollable=false, selected=false, class=android.widget.ImageView}, children=[], clickable=false, enabled=true, focused=false, checked=false, selected=false), TreeNode(attributes={text=, accessibilityText=, hintText=, ignoreBoundsFiltering=false, resource-id=, clickable=false, bounds=[1264,458][1296,490], enabled=true, focused=false, checked=false, scrollable=false, selected=false, class=android.widget.ImageView}, children=[], clickable=false, enabled=true, focused=false, checked=false, selected=false)], clickable=true, enabled=true, focused=false, checked=false, selected=false), bounds=Bounds(x=248, y=428, width=1048, height=92))
10:30:45.905 [ INFO] maestro.Maestro.tap-BUbHBYE: Refreshed element
10:30:45.905 [ INFO] maestro.Maestro.hierarchyBasedTap-hbl3e4M: Tapping at (772, 474) using hierarchy based logic for wait
10:30:45.905 [TRACE] maestro.utils.ScreenshotUtils.takeScreenshot: Taking screenshot to byte array
10:30:45.905 [TRACE] maestro.utils.ScreenshotUtils.takeScreenshot: Taking screenshot to output sink
10:30:48.306 [ INFO] maestro.Maestro.hierarchyBasedTap-hbl3e4M: Something have changed in the UI judging by view hierarchy. Proceed.
10:30:48.306 [ INFO] maestro.cli.runner.MaestroCommandRunner.runCommands$lambda$2: Tap on "Go Off-Grid" COMPLETED
10:30:48.308 [ INFO] maestro.cli.runner.MaestroCommandRunner.runCommands$lambda$0: Tap on "Go Off-Grid" RUNNING
10:30:48.310 [ INFO] maestro.cli.runner.MaestroCommandRunner.runCommands$lambda$11: Tap on "Go Off-Grid" metadata CommandMetadata(numberOfRuns=null, evaluatedCommand=MaestroCommand(tapOnElementCommand=TapOnElementCommand(selector=ElementSelector(textRegex=Go Off-Grid, idRegex=null, size=null, below=null, above=null, leftOf=null, rightOf=null, containsChild=null, containsDescendants=null, traits=null, index=null, enabled=null, optional=false, selected=null, checked=null, focused=null, childOf=null, css=null), retryIfNoChange=false, waitUntilVisible=false, longPress=false, repeat=null, waitToSettleTimeoutMs=null, label=null, optional=false)), logMessages=[], insight=Insight(message=, level=NONE), aiReasoning=null, labeledCommand=null)
10:30:49.564 [ INFO] maestro.Maestro.tap-BUbHBYE: Tapping on element:  UiElement(treeNode=TreeNode(attributes={text=, accessibilityText=Go Off-Grid, hintText=, ignoreBoundsFiltering=false, resource-id=, clickable=true, bounds=[504,1872][1032,1968], enabled=true, focused=false, checked=false, scrollable=false, selected=false, class=android.widget.Button}, children=[], clickable=true, enabled=true, focused=false, checked=false, selected=false), bounds=Bounds(x=504, y=1872, width=528, height=96))
10:30:52.419 [ INFO] maestro.Maestro.tap-BUbHBYE: Refreshed element
10:30:52.419 [ INFO] maestro.Maestro.hierarchyBasedTap-hbl3e4M: Tapping at (768, 1920) using hierarchy based logic for wait
10:30:52.420 [TRACE] maestro.utils.ScreenshotUtils.takeScreenshot: Taking screenshot to byte array
10:30:52.420 [TRACE] maestro.utils.ScreenshotUtils.takeScreenshot: Taking screenshot to output sink
10:30:56.374 [ INFO] maestro.Maestro.hierarchyBasedTap-hbl3e4M: Something have changed in the UI judging by view hierarchy. Proceed.
10:30:56.374 [ INFO] maestro.cli.runner.MaestroCommandRunner.runCommands$lambda$2: Tap on "Go Off-Grid" COMPLETED
10:30:56.375 [ INFO] maestro.cli.runner.MaestroCommandRunner.runCommands$lambda$0: Tap on "Confirm" RUNNING
10:30:56.377 [ INFO] maestro.cli.runner.MaestroCommandRunner.runCommands$lambda$11: Tap on "Confirm" metadata CommandMetadata(numberOfRuns=null, evaluatedCommand=MaestroCommand(tapOnElementCommand=TapOnElementCommand(selector=ElementSelector(textRegex=Confirm, idRegex=null, size=null, below=null, above=null, leftOf=null, rightOf=null, containsChild=null, containsDescendants=null, traits=null, index=null, enabled=null, optional=false, selected=null, checked=null, focused=null, childOf=null, css=null), retryIfNoChange=false, waitUntilVisible=false, longPress=false, repeat=null, waitToSettleTimeoutMs=null, label=null, optional=false)), logMessages=[], insight=Insight(message=, level=NONE), aiReasoning=null, labeledCommand=null)
10:30:56.646 [ INFO] maestro.Maestro.tap-BUbHBYE: Tapping on element:  UiElement(treeNode=TreeNode(attributes={text=, accessibilityText=Confirm, hintText=, ignoreBoundsFiltering=false, resource-id=, clickable=true, bounds=[769,1046][1264,1134], enabled=true, focused=false, checked=false, scrollable=false, selected=false, class=android.widget.Button}, children=[], clickable=true, enabled=true, focused=false, checked=false, selected=false), bounds=Bounds(x=769, y=1046, width=495, height=88))
10:30:57.752 [ INFO] maestro.Maestro.tap-BUbHBYE: Refreshed element
10:30:57.753 [ INFO] maestro.Maestro.hierarchyBasedTap-hbl3e4M: Tapping at (1016, 1090) using hierarchy based logic for wait
10:30:57.753 [TRACE] maestro.utils.ScreenshotUtils.takeScreenshot: Taking screenshot to byte array
10:30:57.753 [TRACE] maestro.utils.ScreenshotUtils.takeScreenshot: Taking screenshot to output sink
10:31:01.234 [ INFO] maestro.Maestro.hierarchyBasedTap-hbl3e4M: Something have changed in the UI judging by view hierarchy. Proceed.
10:31:01.234 [ INFO] maestro.cli.runner.MaestroCommandRunner.runCommands$lambda$2: Tap on "Confirm" COMPLETED
10:31:01.236 [ INFO] maestro.cli.runner.MaestroCommandRunner.runCommands$lambda$0: Assert that "Reconnect to Grid" is visible RUNNING
10:31:01.237 [ INFO] maestro.cli.runner.MaestroCommandRunner.runCommands$lambda$11: Assert that "Reconnect to Grid" is visible metadata CommandMetadata(numberOfRuns=null, evaluatedCommand=MaestroCommand(assertConditionCommand=AssertConditionCommand(condition=Condition(platform=null, visible=ElementSelector(textRegex=Reconnect to Grid, idRegex=null, size=null, below=null, above=null, leftOf=null, rightOf=null, containsChild=null, containsDescendants=null, traits=null, index=null, enabled=null, optional=false, selected=null, checked=null, focused=null, childOf=null, css=null), notVisible=null, scriptCondition=null, label=null), timeout=null, label=null, optional=false)), logMessages=[], insight=Insight(message=, level=NONE), aiReasoning=null, labeledCommand=null)
10:31:09.852 [ INFO] maestro.cli.runner.MaestroCommandRunner.runCommands$lambda$2: Assert that "Reconnect to Grid" is visible COMPLETED
10:31:09.853 [ INFO] maestro.cli.runner.MaestroCommandRunner.runCommands$lambda$0: Press Back key RUNNING
10:31:09.853 [ INFO] maestro.cli.runner.MaestroCommandRunner.runCommands$lambda$11: Press Back key metadata CommandMetadata(numberOfRuns=null, evaluatedCommand=MaestroCommand(pressKeyCommand=PressKeyCommand(code=BACK, label=null, optional=false)), logMessages=[], insight=Insight(message=, level=NONE), aiReasoning=null, labeledCommand=null)
10:31:09.854 [ INFO] maestro.Maestro.pressKey: Pressing key BACK
10:31:11.936 [ INFO] maestro.cli.runner.MaestroCommandRunner.runCommands$lambda$2: Press Back key COMPLETED
10:31:11.937 [ INFO] maestro.cli.runner.MaestroCommandRunner.runCommands$lambda$0: Tap on "Home, Tab 1 of 4" RUNNING
10:31:11.938 [ INFO] maestro.cli.runner.MaestroCommandRunner.runCommands$lambda$11: Tap on "Home, Tab 1 of 4" metadata CommandMetadata(numberOfRuns=null, evaluatedCommand=MaestroCommand(tapOnElementCommand=TapOnElementCommand(selector=ElementSelector(textRegex=Home, Tab 1 of 4, idRegex=null, size=null, below=null, above=null, leftOf=null, rightOf=null, containsChild=null, containsDescendants=null, traits=null, index=null, enabled=null, optional=false, selected=null, checked=null, focused=null, childOf=null, css=null), retryIfNoChange=false, waitUntilVisible=false, longPress=false, repeat=null, waitToSettleTimeoutMs=5000, label=null, optional=false)), logMessages=[], insight=Insight(message=, level=NONE), aiReasoning=null, labeledCommand=null)
10:31:12.407 [ INFO] maestro.Maestro.tap-BUbHBYE: Tapping on element:  UiElement(treeNode=TreeNode(attributes={text=, accessibilityText=Home, Tab 1 of 4, hintText=, ignoreBoundsFiltering=false, resource-id=, clickable=true, bounds=[192,1940][480,2048], enabled=true, focused=false, checked=false, scrollable=false, selected=false, class=android.view.View}, children=[], clickable=true, enabled=true, focused=false, checked=false, selected=false), bounds=Bounds(x=192, y=1940, width=288, height=108))
10:31:14.330 [ INFO] maestro.Maestro.tap-BUbHBYE: Refreshed element
10:31:14.330 [ INFO] maestro.Maestro.hierarchyBasedTap-hbl3e4M: Tapping at (336, 1994) using hierarchy based logic for wait
10:31:14.330 [TRACE] maestro.utils.ScreenshotUtils.takeScreenshot: Taking screenshot to byte array
10:31:14.330 [TRACE] maestro.utils.ScreenshotUtils.takeScreenshot: Taking screenshot to output sink
10:31:16.647 [ INFO] maestro.Maestro.hierarchyBasedTap-hbl3e4M: Something have changed in the UI judging by view hierarchy. Proceed.
10:31:16.647 [ INFO] maestro.cli.runner.MaestroCommandRunner.runCommands$lambda$2: Tap on "Home, Tab 1 of 4" COMPLETED
10:31:16.648 [ INFO] maestro.cli.runner.MaestroCommandRunner.runCommands$lambda$0: Tap on point (83%,71%) RUNNING
10:31:16.649 [ INFO] maestro.cli.runner.MaestroCommandRunner.runCommands$lambda$11: Tap on point (83%,71%) metadata CommandMetadata(numberOfRuns=null, evaluatedCommand=MaestroCommand(tapOnPointV2Command=TapOnPointV2Command(point=83%,71%, retryIfNoChange=false, longPress=false, repeat=null, waitToSettleTimeoutMs=null, label=null, optional=false)), logMessages=[], insight=Insight(message=, level=NONE), aiReasoning=null, labeledCommand=null)
10:31:16.696 [ INFO] maestro.Maestro.hierarchyBasedTap-hbl3e4M: Tapping at (1274, 1454) using hierarchy based logic for wait
10:31:17.102 [TRACE] maestro.utils.ScreenshotUtils.takeScreenshot: Taking screenshot to byte array
10:31:17.102 [TRACE] maestro.utils.ScreenshotUtils.takeScreenshot: Taking screenshot to output sink
10:31:21.075 [ INFO] maestro.Maestro.hierarchyBasedTap-hbl3e4M: Something have changed in the UI judging by view hierarchy. Proceed.
10:31:21.075 [ INFO] maestro.cli.runner.MaestroCommandRunner.runCommands$lambda$2: Tap on point (83%,71%) COMPLETED
10:31:21.076 [ INFO] maestro.cli.runner.MaestroCommandRunner.runCommands$lambda$0: Tap on point (83%,71%) RUNNING
10:31:21.077 [ INFO] maestro.cli.runner.MaestroCommandRunner.runCommands$lambda$11: Tap on point (83%,71%) metadata CommandMetadata(numberOfRuns=null, evaluatedCommand=MaestroCommand(tapOnPointV2Command=TapOnPointV2Command(point=83%,71%, retryIfNoChange=false, longPress=false, repeat=null, waitToSettleTimeoutMs=null, label=null, optional=false)), logMessages=[], insight=Insight(message=, level=NONE), aiReasoning=null, labeledCommand=null)
10:31:21.126 [ INFO] maestro.Maestro.hierarchyBasedTap-hbl3e4M: Tapping at (1274, 1454) using hierarchy based logic for wait
10:31:21.483 [TRACE] maestro.utils.ScreenshotUtils.takeScreenshot: Taking screenshot to byte array
10:31:21.484 [TRACE] maestro.utils.ScreenshotUtils.takeScreenshot: Taking screenshot to output sink
10:31:25.407 [ INFO] maestro.Maestro.hierarchyBasedTap-hbl3e4M: Something have changed in the UI judging by view hierarchy. Proceed.
10:31:25.407 [ INFO] maestro.cli.runner.MaestroCommandRunner.runCommands$lambda$2: Tap on point (83%,71%) COMPLETED
10:31:25.408 [ INFO] maestro.cli.runner.MaestroCommandRunner.runCommands$lambda$0: Assert that "Charging" is visible RUNNING
10:31:25.409 [ INFO] maestro.cli.runner.MaestroCommandRunner.runCommands$lambda$11: Assert that "Charging" is visible metadata CommandMetadata(numberOfRuns=null, evaluatedCommand=MaestroCommand(assertConditionCommand=AssertConditionCommand(condition=Condition(platform=null, visible=ElementSelector(textRegex=Charging, idRegex=null, size=null, below=null, above=null, leftOf=null, rightOf=null, containsChild=null, containsDescendants=null, traits=null, index=null, enabled=null, optional=false, selected=null, checked=null, focused=null, childOf=null, css=null), notVisible=null, scriptCondition=null, label=null), timeout=600000, label=null, optional=false)), logMessages=[], insight=Insight(message=, level=NONE), aiReasoning=null, labeledCommand=null)
10:37:18.236 [ INFO] maestro.cli.runner.MaestroCommandRunner.runCommands$lambda$2: Assert that "Charging" is visible COMPLETED
10:37:18.237 [ INFO] maestro.cli.runner.MaestroCommandRunner.runCommands$lambda$0: Tap on "Settings, Tab 3 of 4" RUNNING
10:37:18.238 [ INFO] maestro.cli.runner.MaestroCommandRunner.runCommands$lambda$11: Tap on "Settings, Tab 3 of 4" metadata CommandMetadata(numberOfRuns=null, evaluatedCommand=MaestroCommand(tapOnElementCommand=TapOnElementCommand(selector=ElementSelector(textRegex=Settings, Tab 3 of 4, idRegex=null, size=null, below=null, above=null, leftOf=null, rightOf=null, containsChild=null, containsDescendants=null, traits=null, index=null, enabled=null, optional=false, selected=null, checked=null, focused=null, childOf=null, css=null), retryIfNoChange=false, waitUntilVisible=false, longPress=false, repeat=null, waitToSettleTimeoutMs=null, label=null, optional=false)), logMessages=[], insight=Insight(message=, level=NONE), aiReasoning=null, labeledCommand=null)
10:37:18.667 [ INFO] maestro.Maestro.tap-BUbHBYE: Tapping on element:  UiElement(treeNode=TreeNode(attributes={text=, accessibilityText=Settings, Tab 3 of 4, hintText=, ignoreBoundsFiltering=false, resource-id=, clickable=true, bounds=[768,1940][1056,2048], enabled=true, focused=false, checked=false, scrollable=false, selected=false, class=android.view.View}, children=[], clickable=true, enabled=true, focused=false, checked=false, selected=false), bounds=Bounds(x=768, y=1940, width=288, height=108))
10:37:19.852 [ INFO] maestro.Maestro.tap-BUbHBYE: Refreshed element
10:37:19.852 [ INFO] maestro.Maestro.hierarchyBasedTap-hbl3e4M: Tapping at (912, 1994) using hierarchy based logic for wait
10:37:19.852 [TRACE] maestro.utils.ScreenshotUtils.takeScreenshot: Taking screenshot to byte array
10:37:19.852 [TRACE] maestro.utils.ScreenshotUtils.takeScreenshot: Taking screenshot to output sink
10:37:24.131 [ INFO] maestro.Maestro.hierarchyBasedTap-hbl3e4M: Something have changed in the UI judging by view hierarchy. Proceed.
10:37:24.131 [ INFO] maestro.cli.runner.MaestroCommandRunner.runCommands$lambda$2: Tap on "Settings, Tab 3 of 4" COMPLETED
10:37:24.133 [ INFO] maestro.cli.runner.MaestroCommandRunner.runCommands$lambda$0: Tap on "Go Off-Grid" RUNNING
10:37:24.133 [ INFO] maestro.cli.runner.MaestroCommandRunner.runCommands$lambda$11: Tap on "Go Off-Grid" metadata CommandMetadata(numberOfRuns=null, evaluatedCommand=MaestroCommand(tapOnElementCommand=TapOnElementCommand(selector=ElementSelector(textRegex=Go Off-Grid, idRegex=null, size=null, below=null, above=null, leftOf=null, rightOf=null, containsChild=null, containsDescendants=null, traits=null, index=null, enabled=null, optional=false, selected=null, checked=null, focused=null, childOf=null, css=null), retryIfNoChange=false, waitUntilVisible=false, longPress=false, repeat=null, waitToSettleTimeoutMs=null, label=null, optional=false)), logMessages=[], insight=Insight(message=, level=NONE), aiReasoning=null, labeledCommand=null)
10:37:24.650 [ INFO] maestro.Maestro.tap-BUbHBYE: Tapping on element:  UiElement(treeNode=TreeNode(attributes={text=, accessibilityText=Go Off-Grid, hintText=, ignoreBoundsFiltering=false, resource-id=, clickable=true, bounds=[248,428][1296,520], enabled=true, focused=false, checked=false, scrollable=false, selected=false, class=android.view.View}, children=[TreeNode(attributes={text=, accessibilityText=, hintText=, ignoreBoundsFiltering=false, resource-id=, clickable=false, bounds=[248,450][296,498], enabled=true, focused=false, checked=false, scrollable=false, selected=false, class=android.widget.ImageView}, children=[], clickable=false, enabled=true, focused=false, checked=false, selected=false), TreeNode(attributes={text=, accessibilityText=, hintText=, ignoreBoundsFiltering=false, resource-id=, clickable=false, bounds=[1264,458][1296,490], enabled=true, focused=false, checked=false, scrollable=false, selected=false, class=android.widget.ImageView}, children=[], clickable=false, enabled=true, focused=false, checked=false, selected=false)], clickable=true, enabled=true, focused=false, checked=false, selected=false), bounds=Bounds(x=248, y=428, width=1048, height=92))
10:37:25.948 [ INFO] maestro.Maestro.tap-BUbHBYE: Refreshed element
10:37:25.948 [ INFO] maestro.Maestro.hierarchyBasedTap-hbl3e4M: Tapping at (772, 474) using hierarchy based logic for wait
10:37:25.949 [TRACE] maestro.utils.ScreenshotUtils.takeScreenshot: Taking screenshot to byte array
10:37:25.949 [TRACE] maestro.utils.ScreenshotUtils.takeScreenshot: Taking screenshot to output sink
10:37:28.222 [ INFO] maestro.Maestro.hierarchyBasedTap-hbl3e4M: Something have changed in the UI judging by view hierarchy. Proceed.
10:37:28.222 [ INFO] maestro.cli.runner.MaestroCommandRunner.runCommands$lambda$2: Tap on "Go Off-Grid" COMPLETED
10:37:28.224 [ INFO] maestro.cli.runner.MaestroCommandRunner.runCommands$lambda$0: Tap on "Reconnect to Grid" RUNNING
10:37:28.225 [ INFO] maestro.cli.runner.MaestroCommandRunner.runCommands$lambda$11: Tap on "Reconnect to Grid" metadata CommandMetadata(numberOfRuns=null, evaluatedCommand=MaestroCommand(tapOnElementCommand=TapOnElementCommand(selector=ElementSelector(textRegex=Reconnect to Grid, idRegex=null, size=null, below=null, above=null, leftOf=null, rightOf=null, containsChild=null, containsDescendants=null, traits=null, index=null, enabled=null, optional=false, selected=null, checked=null, focused=null, childOf=null, css=null), retryIfNoChange=false, waitUntilVisible=false, longPress=false, repeat=null, waitToSettleTimeoutMs=null, label=null, optional=false)), logMessages=[], insight=Insight(message=, level=NONE), aiReasoning=null, labeledCommand=null)
10:37:29.535 [ INFO] maestro.Maestro.tap-BUbHBYE: Tapping on element:  UiElement(treeNode=TreeNode(attributes={text=, accessibilityText=Reconnect to Grid, hintText=, ignoreBoundsFiltering=false, resource-id=, clickable=true, bounds=[504,1872][1032,1968], enabled=true, focused=false, checked=false, scrollable=false, selected=false, class=android.widget.Button}, children=[], clickable=true, enabled=true, focused=false, checked=false, selected=false), bounds=Bounds(x=504, y=1872, width=528, height=96))
10:37:30.578 [ INFO] maestro.Maestro.tap-BUbHBYE: Refreshed element
10:37:30.578 [ INFO] maestro.Maestro.hierarchyBasedTap-hbl3e4M: Tapping at (768, 1920) using hierarchy based logic for wait
10:37:30.578 [TRACE] maestro.utils.ScreenshotUtils.takeScreenshot: Taking screenshot to byte array
10:37:30.578 [TRACE] maestro.utils.ScreenshotUtils.takeScreenshot: Taking screenshot to output sink
10:37:34.648 [ INFO] maestro.Maestro.hierarchyBasedTap-hbl3e4M: Something have changed in the UI judging by view hierarchy. Proceed.
10:37:34.648 [ INFO] maestro.cli.runner.MaestroCommandRunner.runCommands$lambda$2: Tap on "Reconnect to Grid" COMPLETED
10:37:34.649 [ INFO] maestro.cli.runner.MaestroCommandRunner.runCommands$lambda$0: Tap on "Confirm" RUNNING
10:37:34.650 [ INFO] maestro.cli.runner.MaestroCommandRunner.runCommands$lambda$11: Tap on "Confirm" metadata CommandMetadata(numberOfRuns=null, evaluatedCommand=MaestroCommand(tapOnElementCommand=TapOnElementCommand(selector=ElementSelector(textRegex=Confirm, idRegex=null, size=null, below=null, above=null, leftOf=null, rightOf=null, containsChild=null, containsDescendants=null, traits=null, index=null, enabled=null, optional=false, selected=null, checked=null, focused=null, childOf=null, css=null), retryIfNoChange=false, waitUntilVisible=false, longPress=false, repeat=null, waitToSettleTimeoutMs=null, label=null, optional=false)), logMessages=[], insight=Insight(message=, level=NONE), aiReasoning=null, labeledCommand=null)
10:37:35.008 [ INFO] maestro.Maestro.tap-BUbHBYE: Tapping on element:  UiElement(treeNode=TreeNode(attributes={text=, accessibilityText=Confirm, hintText=, ignoreBoundsFiltering=false, resource-id=, clickable=true, bounds=[769,1046][1264,1134], enabled=true, focused=false, checked=false, scrollable=false, selected=false, class=android.widget.Button}, children=[], clickable=true, enabled=true, focused=false, checked=false, selected=false), bounds=Bounds(x=769, y=1046, width=495, height=88))
10:37:36.071 [ INFO] maestro.Maestro.tap-BUbHBYE: Refreshed element
10:37:36.071 [ INFO] maestro.Maestro.hierarchyBasedTap-hbl3e4M: Tapping at (1016, 1090) using hierarchy based logic for wait
10:37:36.071 [TRACE] maestro.utils.ScreenshotUtils.takeScreenshot: Taking screenshot to byte array
10:37:36.071 [TRACE] maestro.utils.ScreenshotUtils.takeScreenshot: Taking screenshot to output sink
10:37:39.769 [ INFO] maestro.Maestro.hierarchyBasedTap-hbl3e4M: Something have changed in the UI judging by view hierarchy. Proceed.
10:37:39.769 [ INFO] maestro.cli.runner.MaestroCommandRunner.runCommands$lambda$2: Tap on "Confirm" COMPLETED
10:37:39.770 [ INFO] maestro.cli.runner.MaestroCommandRunner.runCommands$lambda$0: Assert that "Go Off-Grid" is visible RUNNING
10:37:39.771 [ INFO] maestro.cli.runner.MaestroCommandRunner.runCommands$lambda$11: Assert that "Go Off-Grid" is visible metadata CommandMetadata(numberOfRuns=null, evaluatedCommand=MaestroCommand(assertConditionCommand=AssertConditionCommand(condition=Condition(platform=null, visible=ElementSelector(textRegex=Go Off-Grid, idRegex=null, size=null, below=null, above=null, leftOf=null, rightOf=null, containsChild=null, containsDescendants=null, traits=null, index=null, enabled=null, optional=false, selected=null, checked=null, focused=null, childOf=null, css=null), notVisible=null, scriptCondition=null, label=null), timeout=null, label=null, optional=false)), logMessages=[], insight=Insight(message=, level=NONE), aiReasoning=null, labeledCommand=null)
10:37:48.210 [ INFO] maestro.cli.runner.MaestroCommandRunner.runCommands$lambda$2: Assert that "Go Off-Grid" is visible COMPLETED
10:37:48.211 [ INFO] maestro.cli.runner.MaestroCommandRunner.runCommands$lambda$0: Press Back key RUNNING
10:37:48.211 [ INFO] maestro.cli.runner.MaestroCommandRunner.runCommands$lambda$11: Press Back key metadata CommandMetadata(numberOfRuns=null, evaluatedCommand=MaestroCommand(pressKeyCommand=PressKeyCommand(code=BACK, label=null, optional=false)), logMessages=[], insight=Insight(message=, level=NONE), aiReasoning=null, labeledCommand=null)
10:37:48.212 [ INFO] maestro.Maestro.pressKey: Pressing key BACK
10:37:50.289 [ INFO] maestro.cli.runner.MaestroCommandRunner.runCommands$lambda$2: Press Back key COMPLETED
10:37:50.290 [ INFO] maestro.cli.runner.MaestroCommandRunner.runCommands$lambda$0: Tap on "Home, Tab 1 of 4" RUNNING
10:37:50.291 [ INFO] maestro.cli.runner.MaestroCommandRunner.runCommands$lambda$11: Tap on "Home, Tab 1 of 4" metadata CommandMetadata(numberOfRuns=null, evaluatedCommand=MaestroCommand(tapOnElementCommand=TapOnElementCommand(selector=ElementSelector(textRegex=Home, Tab 1 of 4, idRegex=null, size=null, below=null, above=null, leftOf=null, rightOf=null, containsChild=null, containsDescendants=null, traits=null, index=null, enabled=null, optional=false, selected=null, checked=null, focused=null, childOf=null, css=null), retryIfNoChange=false, waitUntilVisible=false, longPress=false, repeat=null, waitToSettleTimeoutMs=5000, label=null, optional=false)), logMessages=[], insight=Insight(message=, level=NONE), aiReasoning=null, labeledCommand=null)
10:37:50.751 [ INFO] maestro.Maestro.tap-BUbHBYE: Tapping on element:  UiElement(treeNode=TreeNode(attributes={text=, accessibilityText=Home, Tab 1 of 4, hintText=, ignoreBoundsFiltering=false, resource-id=, clickable=true, bounds=[192,1940][480,2048], enabled=true, focused=false, checked=false, scrollable=false, selected=false, class=android.view.View}, children=[], clickable=true, enabled=true, focused=false, checked=false, selected=false), bounds=Bounds(x=192, y=1940, width=288, height=108))
10:37:52.733 [ INFO] maestro.Maestro.tap-BUbHBYE: Refreshed element
10:37:52.734 [ INFO] maestro.Maestro.hierarchyBasedTap-hbl3e4M: Tapping at (336, 1994) using hierarchy based logic for wait
10:37:52.734 [TRACE] maestro.utils.ScreenshotUtils.takeScreenshot: Taking screenshot to byte array
10:37:52.734 [TRACE] maestro.utils.ScreenshotUtils.takeScreenshot: Taking screenshot to output sink
10:37:55.368 [ INFO] maestro.Maestro.hierarchyBasedTap-hbl3e4M: Something have changed in the UI judging by view hierarchy. Proceed.
10:37:55.369 [ INFO] maestro.cli.runner.MaestroCommandRunner.runCommands$lambda$2: Tap on "Home, Tab 1 of 4" COMPLETED
10:37:55.370 [ INFO] maestro.cli.runner.MaestroCommandRunner.runCommands$lambda$0: Assert that "Charging" is visible RUNNING
10:37:55.371 [ INFO] maestro.cli.runner.MaestroCommandRunner.runCommands$lambda$11: Assert that "Charging" is visible metadata CommandMetadata(numberOfRuns=null, evaluatedCommand=MaestroCommand(assertConditionCommand=AssertConditionCommand(condition=Condition(platform=null, visible=ElementSelector(textRegex=Charging, idRegex=null, size=null, below=null, above=null, leftOf=null, rightOf=null, containsChild=null, containsDescendants=null, traits=null, index=null, enabled=null, optional=false, selected=null, checked=null, focused=null, childOf=null, css=null), notVisible=null, scriptCondition=null, label=null), timeout=600000, label=null, optional=false)), logMessages=[], insight=Insight(message=, level=NONE), aiReasoning=null, labeledCommand=null)
10:37:55.746 [ INFO] maestro.cli.runner.MaestroCommandRunner.runCommands$lambda$2: Assert that "Charging" is visible COMPLETED
10:37:55.747 [ INFO] maestro.cli.runner.MaestroCommandRunner.runCommands$lambda$2: Run flows/Off-Grid.yaml COMPLETED
10:37:55.998 [ INFO] maestro.cli.report.TestDebugReporter.deleteOldFiles: Performing purge of logs older than 14 days from ~/.maestro/tests
